[1m[92m    Blocking[0m waiting for file lock on build directory
[1m[92m   Compiling[0m pyo3-build-config v0.27.2
[1m[92m    Checking[0m openssl v0.10.75
[1m[92m   Compiling[0m sqlx-core v0.8.6
[1m[92m    Checking[0m ndarray v0.17.2
[1m[92m    Checking[0m config v0.15.19
[1m[92m    Checking[0m thread-language v0.1.0 (/home/knitli/thread/crates/language)
[1m[92m    Checking[0m thread-services v0.1.0 (/home/knitli/thread/crates/services)
[1m[92m    Checking[0m sqlx-postgres v0.8.6
[1m[92m    Checking[0m native-tls v0.2.14
[1m[92m   Compiling[0m pyo3-macros-backend v0.27.2
[1m[92m   Compiling[0m pyo3-ffi v0.27.2
[1m[92m   Compiling[0m pyo3 v0.27.2
[1m[92m    Checking[0m tokio-native-tls v0.3.1
[1m[92m   Compiling[0m numpy v0.27.1
[1m[92m    Checking[0m hyper-tls v0.6.0
[1m[92m    Checking[0m reqwest v0.12.28
[1m[92m    Checking[0m cocoindex_utils v999.0.0 (/home/knitli/thread/vendor/cocoindex/rust/utils)
[1m[92m   Compiling[0m sqlx-macros-core v0.8.6
[1m[92m   Compiling[0m pyo3-macros v0.27.2
[1m[92m   Compiling[0m sqlx-macros v0.8.6
[1m[92m    Checking[0m sqlx v0.8.6
[1m[92m    Checking[0m pgvector v0.4.1
[1m[92m    Checking[0m pyo3-async-runtimes v0.27.0
[1m[92m    Checking[0m pythonize v0.27.0
[1m[92m    Checking[0m cocoindex_py_utils v999.0.0 (/home/knitli/thread/vendor/cocoindex/rust/py_utils)
[1m[92m    Checking[0m cocoindex v999.0.0 (/home/knitli/thread/vendor/cocoindex/rust/cocoindex)
[1m[91merror[E0433][0m[1m: failed to resolve: could not find `str_sanitize` in `utils`[0m
  [1m[94m--> [0mvendor/cocoindex/rust/cocoindex/src/ops/targets/postgres.rs:76:42
   [1m[94m|[0m
[1m[94m76[0m [1m[94m|[0m                 builder.push_bind(utils::str_sanitize::ZeroCodeStrippedEncode(v.as_ref()));
   [1m[94m|[0m                                          [1m[91m^^^^^^^^^^^^[0m [1m[91mcould not find `str_sanitize` in `utils`[0m
   [1m[94m|[0m
[1m[92mnote[0m: found an item that was configured out
  [1m[94m--> [0mvendor/cocoindex/rust/utils/src/lib.rs:17:9
   [1m[94m|[0m
[1m[94m16[0m [1m[94m|[0m #[cfg(feature = "sqlx")]
   [1m[94m|[0m       [1m[94m----------------[0m [1m[94mthe item is gated behind the `sqlx` feature[0m
[1m[94m17[0m [1m[94m|[0m pub mod str_sanitize;
   [1m[94m|[0m         [1m[92m^^^^^^^^^^^^[0m

[1m[91merror[E0433][0m[1m: failed to resolve: could not find `str_sanitize` in `utils`[0m
   [1m[94m--> [0mvendor/cocoindex/rust/cocoindex/src/ops/targets/postgres.rs:116:28
    [1m[94m|[0m
[1m[94m116[0m [1m[94m|[0m                     utils::str_sanitize::ZeroCodeStrippedSerialize(&**v),
    [1m[94m|[0m                            [1m[91m^^^^^^^^^^^^[0m [1m[91mcould not find `str_sanitize` in `utils`[0m
    [1m[94m|[0m
[1m[92mnote[0m: found an item that was configured out
   [1m[94m--> [0mvendor/cocoindex/rust/utils/src/lib.rs:17:9
    [1m[94m|[0m
[1m[94m 16[0m [1m[94m|[0m #[cfg(feature = "sqlx")]
    [1m[94m|[0m       [1m[94m----------------[0m [1m[94mthe item is gated behind the `sqlx` feature[0m
[1m[94m 17[0m [1m[94m|[0m pub mod str_sanitize;
    [1m[94m|[0m         [1m[92m^^^^^^^^^^^^[0m

[1m[91merror[E0433][0m[1m: failed to resolve: could not find `str_sanitize` in `utils`[0m
   [1m[94m--> [0mvendor/cocoindex/rust/cocoindex/src/ops/targets/postgres.rs:146:28
    [1m[94m|[0m
[1m[94m146[0m [1m[94m|[0m                     utils::str_sanitize::ZeroCodeStrippedSerialize(TypedValue {
    [1m[94m|[0m                            [1m[91m^^^^^^^^^^^^[0m [1m[91mcould not find `str_sanitize` in `utils`[0m
    [1m[94m|[0m
[1m[92mnote[0m: found an item that was configured out
   [1m[94m--> [0mvendor/cocoindex/rust/utils/src/lib.rs:17:9
    [1m[94m|[0m
[1m[94m 16[0m [1m[94m|[0m #[cfg(feature = "sqlx")]
    [1m[94m|[0m       [1m[94m----------------[0m [1m[94mthe item is gated behind the `sqlx` feature[0m
[1m[94m 17[0m [1m[94m|[0m pub mod str_sanitize;
    [1m[94m|[0m         [1m[92m^^^^^^^^^^^^[0m

[1m[91merror[E0433][0m[1m: failed to resolve: could not find `str_sanitize` in `utils`[0m
   [1m[94m--> [0mvendor/cocoindex/rust/cocoindex/src/ops/targets/postgres.rs:158:24
    [1m[94m|[0m
[1m[94m158[0m [1m[94m|[0m                 utils::str_sanitize::ZeroCodeStrippedSerialize(TypedValue {
    [1m[94m|[0m                        [1m[91m^^^^^^^^^^^^[0m [1m[91mcould not find `str_sanitize` in `utils`[0m
    [1m[94m|[0m
[1m[92mnote[0m: found an item that was configured out
   [1m[94m--> [0mvendor/cocoindex/rust/utils/src/lib.rs:17:9
    [1m[94m|[0m
[1m[94m 16[0m [1m[94m|[0m #[cfg(feature = "sqlx")]
    [1m[94m|[0m       [1m[94m----------------[0m [1m[94mthe item is gated behind the `sqlx` feature[0m
[1m[94m 17[0m [1m[94m|[0m pub mod str_sanitize;
    [1m[94m|[0m         [1m[92m^^^^^^^^^^^^[0m

[1m[91merror[E0277][0m[1m: the trait bound `bytes::Bytes: serde::Deserialize<'de>` is not satisfied[0m
    [1m[94m--> [0mvendor/cocoindex/rust/cocoindex/src/base/value.rs:88:11
     [1m[94m|[0m
[1m[94m  88[0m [1m[94m|[0m     Bytes(Bytes),
     [1m[94m|[0m           [1m[91m^^^^^[0m [1m[91mthe trait `llm::_::_serde::Deserialize<'_>` is not implemented for `bytes::Bytes`[0m
     [1m[94m|[0m
     [1m[94m= [0m[1mnote[0m: for local types consider adding `#[derive(serde::Deserialize)]` to your `bytes::Bytes` type
     [1m[94m= [0m[1mnote[0m: for types from other crates check whether the crate offers a `serde` feature flag
     [1m[94m= [0m[1mhelp[0m: the following other types implement trait `llm::_::_serde::Deserialize<'de>`:
               `&'a JsonRawValue` implements `llm::_::_serde::Deserialize<'de>`
               `&'a [u8]` implements `llm::_::_serde::Deserialize<'de>`
               `&'a ron::value::RawValue` implements `llm::_::_serde::Deserialize<'de>`
               `&'a std::path::Path` implements `llm::_::_serde::Deserialize<'de>`
               `&'a str` implements `llm::_::_serde::Deserialize<'de>`
               `()` implements `llm::_::_serde::Deserialize<'de>`
               `(T,)` implements `llm::_::_serde::Deserialize<'de>`
               `(T0, T1)` implements `llm::_::_serde::Deserialize<'de>`
             and 340 others
[1m[92mnote[0m: required by a bound in `newtype_variant`
    [1m[94m--> [0m/home/knitli/.cargo/registry/src/index.crates.io-1949cf8c6b5b557f/serde_core-1.0.228/src/de/mod.rs:2182:12
     [1m[94m|[0m
[1m[94m2180[0m [1m[94m|[0m     fn newtype_variant<T>(self) -> Result<T, Self::Error>
     [1m[94m|[0m        [1m[94m---------------[0m [1m[94mrequired by a bound in this associated function[0m
[1m[94m2181[0m [1m[94m|[0m     where
[1m[94m2182[0m [1m[94m|[0m         T: Deserialize<'de>,
     [1m[94m|[0m            [1m[92m^^^^^^^^^^^^^^^^[0m [1m[92mrequired by this bound in `VariantAccess::newtype_variant`[0m
     [1m[94m= [0m[1mnote[0m: the full name for the type has been written to '/home/knitli/thread/target/debug/deps/cocoindex_engine-427e2b95081cef54.long-type-4394111866334369433.txt'
     [1m[94m= [0m[1mnote[0m: consider using `--verbose` to print the full type name to the console

[1m[91merror[E0277][0m[1m: the trait bound `NaiveDate: serde::Deserialize<'de>` is not satisfied[0m
    [1m[94m--> [0mvendor/cocoindex/rust/cocoindex/src/base/value.rs:94:10
     [1m[94m|[0m
[1m[94m  94[0m [1m[94m|[0m     Date(chrono::NaiveDate),
     [1m[94m|[0m          [1m[91m^^^^^^^^^^^^^^^^^[0m [1m[91mthe trait `llm::_::_serde::Deserialize<'_>` is not implemented for `NaiveDate`[0m
     [1m[94m|[0m
     [1m[94m= [0m[1mnote[0m: for local types consider adding `#[derive(serde::Deserialize)]` to your `NaiveDate` type
     [1m[94m= [0m[1mnote[0m: for types from other crates check whether the crate offers a `serde` feature flag
     [1m[94m= [0m[1mhelp[0m: the following other types implement trait `llm::_::_serde::Deserialize<'de>`:
               `&'a JsonRawValue` implements `llm::_::_serde::Deserialize<'de>`
               `&'a [u8]` implements `llm::_::_serde::Deserialize<'de>`
               `&'a ron::value::RawValue` implements `llm::_::_serde::Deserialize<'de>`
               `&'a std::path::Path` implements `llm::_::_serde::Deserialize<'de>`
               `&'a str` implements `llm::_::_serde::Deserialize<'de>`
               `()` implements `llm::_::_serde::Deserialize<'de>`
               `(T,)` implements `llm::_::_serde::Deserialize<'de>`
               `(T0, T1)` implements `llm::_::_serde::Deserialize<'de>`
             and 340 others
[1m[92mnote[0m: required by a bound in `newtype_variant`
    [1m[94m--> [0m/home/knitli/.cargo/registry/src/index.crates.io-1949cf8c6b5b557f/serde_core-1.0.228/src/de/mod.rs:2182:12
     [1m[94m|[0m
[1m[94m2180[0m [1m[94m|[0m     fn newtype_variant<T>(self) -> Result<T, Self::Error>
     [1m[94m|[0m        [1m[94m---------------[0m [1m[94mrequired by a bound in this associated function[0m
[1m[94m2181[0m [1m[94m|[0m     where
[1m[94m2182[0m [1m[94m|[0m         T: Deserialize<'de>,
     [1m[94m|[0m            [1m[92m^^^^^^^^^^^^^^^^[0m [1m[92mrequired by this bound in `VariantAccess::newtype_variant`[0m
     [1m[94m= [0m[1mnote[0m: the full name for the type has been written to '/home/knitli/thread/target/debug/deps/cocoindex_engine-427e2b95081cef54.long-type-4394111866334369433.txt'
     [1m[94m= [0m[1mnote[0m: consider using `--verbose` to print the full type name to the console

[1m[91merror[E0277][0m[1m: the trait bound `bytes::Bytes: serde::Deserialize<'de>` is not satisfied[0m
    [1m[94m--> [0mvendor/cocoindex/rust/cocoindex/src/base/value.rs:496:11
     [1m[94m|[0m
[1m[94m 496[0m [1m[94m|[0m     Bytes(Bytes),
     [1m[94m|[0m           [1m[91m^^^^^[0m [1m[91mthe trait `llm::_::_serde::Deserialize<'_>` is not implemented for `bytes::Bytes`[0m
     [1m[94m|[0m
     [1m[94m= [0m[1mnote[0m: for local types consider adding `#[derive(serde::Deserialize)]` to your `bytes::Bytes` type
     [1m[94m= [0m[1mnote[0m: for types from other crates check whether the crate offers a `serde` feature flag
     [1m[94m= [0m[1mhelp[0m: the following other types implement trait `llm::_::_serde::Deserialize<'de>`:
               `&'a JsonRawValue` implements `llm::_::_serde::Deserialize<'de>`
               `&'a [u8]` implements `llm::_::_serde::Deserialize<'de>`
               `&'a ron::value::RawValue` implements `llm::_::_serde::Deserialize<'de>`
               `&'a std::path::Path` implements `llm::_::_serde::Deserialize<'de>`
               `&'a str` implements `llm::_::_serde::Deserialize<'de>`
               `()` implements `llm::_::_serde::Deserialize<'de>`
               `(T,)` implements `llm::_::_serde::Deserialize<'de>`
               `(T0, T1)` implements `llm::_::_serde::Deserialize<'de>`
             and 340 others
[1m[92mnote[0m: required by a bound in `newtype_variant`
    [1m[94m--> [0m/home/knitli/.cargo/registry/src/index.crates.io-1949cf8c6b5b557f/serde_core-1.0.228/src/de/mod.rs:2182:12
     [1m[94m|[0m
[1m[94m2180[0m [1m[94m|[0m     fn newtype_variant<T>(self) -> Result<T, Self::Error>
     [1m[94m|[0m        [1m[94m---------------[0m [1m[94mrequired by a bound in this associated function[0m
[1m[94m2181[0m [1m[94m|[0m     where
[1m[94m2182[0m [1m[94m|[0m         T: Deserialize<'de>,
     [1m[94m|[0m            [1m[92m^^^^^^^^^^^^^^^^[0m [1m[92mrequired by this bound in `VariantAccess::newtype_variant`[0m
     [1m[94m= [0m[1mnote[0m: the full name for the type has been written to '/home/knitli/thread/target/debug/deps/cocoindex_engine-427e2b95081cef54.long-type-4394111866334369433.txt'
     [1m[94m= [0m[1mnote[0m: consider using `--verbose` to print the full type name to the console

[1m[91merror[E0277][0m[1m: the trait bound `NaiveDate: serde::Deserialize<'de>` is not satisfied[0m
    [1m[94m--> [0mvendor/cocoindex/rust/cocoindex/src/base/value.rs:504:10
     [1m[94m|[0m
[1m[94m 504[0m [1m[94m|[0m     Date(chrono::NaiveDate),
     [1m[94m|[0m          [1m[91m^^^^^^^^^^^^^^^^^[0m [1m[91mthe trait `llm::_::_serde::Deserialize<'_>` is not implemented for `NaiveDate`[0m
     [1m[94m|[0m
     [1m[94m= [0m[1mnote[0m: for local types consider adding `#[derive(serde::Deserialize)]` to your `NaiveDate` type
     [1m[94m= [0m[1mnote[0m: for types from other crates check whether the crate offers a `serde` feature flag
     [1m[94m= [0m[1mhelp[0m: the following other types implement trait `llm::_::_serde::Deserialize<'de>`:
               `&'a JsonRawValue` implements `llm::_::_serde::Deserialize<'de>`
               `&'a [u8]` implements `llm::_::_serde::Deserialize<'de>`
               `&'a ron::value::RawValue` implements `llm::_::_serde::Deserialize<'de>`
               `&'a std::path::Path` implements `llm::_::_serde::Deserialize<'de>`
               `&'a str` implements `llm::_::_serde::Deserialize<'de>`
               `()` implements `llm::_::_serde::Deserialize<'de>`
               `(T,)` implements `llm::_::_serde::Deserialize<'de>`
               `(T0, T1)` implements `llm::_::_serde::Deserialize<'de>`
             and 340 others
[1m[92mnote[0m: required by a bound in `newtype_variant`
    [1m[94m--> [0m/home/knitli/.cargo/registry/src/index.crates.io-1949cf8c6b5b557f/serde_core-1.0.228/src/de/mod.rs:2182:12
     [1m[94m|[0m
[1m[94m2180[0m [1m[94m|[0m     fn newtype_variant<T>(self) -> Result<T, Self::Error>
     [1m[94m|[0m        [1m[94m---------------[0m [1m[94mrequired by a bound in this associated function[0m
[1m[94m2181[0m [1m[94m|[0m     where
[1m[94m2182[0m [1m[94m|[0m         T: Deserialize<'de>,
     [1m[94m|[0m            [1m[92m^^^^^^^^^^^^^^^^[0m [1m[92mrequired by this bound in `VariantAccess::newtype_variant`[0m
     [1m[94m= [0m[1mnote[0m: the full name for the type has been written to '/home/knitli/thread/target/debug/deps/cocoindex_engine-427e2b95081cef54.long-type-4394111866334369433.txt'
     [1m[94m= [0m[1mnote[0m: consider using `--verbose` to print the full type name to the console

[1m[91merror[E0277][0m[1m: the trait bound `NaiveTime: serde::Deserialize<'de>` is not satisfied[0m
    [1m[94m--> [0mvendor/cocoindex/rust/cocoindex/src/base/value.rs:505:10
     [1m[94m|[0m
[1m[94m 505[0m [1m[94m|[0m     Time(chrono::NaiveTime),
     [1m[94m|[0m          [1m[91m^^^^^^^^^^^^^^^^^[0m [1m[91mthe trait `llm::_::_serde::Deserialize<'_>` is not implemented for `NaiveTime`[0m
     [1m[94m|[0m
     [1m[94m= [0m[1mnote[0m: for local types consider adding `#[derive(serde::Deserialize)]` to your `NaiveTime` type
     [1m[94m= [0m[1mnote[0m: for types from other crates check whether the crate offers a `serde` feature flag
     [1m[94m= [0m[1mhelp[0m: the following other types implement trait `llm::_::_serde::Deserialize<'de>`:
               `&'a JsonRawValue` implements `llm::_::_serde::Deserialize<'de>`
               `&'a [u8]` implements `llm::_::_serde::Deserialize<'de>`
               `&'a ron::value::RawValue` implements `llm::_::_serde::Deserialize<'de>`
               `&'a std::path::Path` implements `llm::_::_serde::Deserialize<'de>`
               `&'a str` implements `llm::_::_serde::Deserialize<'de>`
               `()` implements `llm::_::_serde::Deserialize<'de>`
               `(T,)` implements `llm::_::_serde::Deserialize<'de>`
               `(T0, T1)` implements `llm::_::_serde::Deserialize<'de>`
             and 340 others
[1m[92mnote[0m: required by a bound in `newtype_variant`
    [1m[94m--> [0m/home/knitli/.cargo/registry/src/index.crates.io-1949cf8c6b5b557f/serde_core-1.0.228/src/de/mod.rs:2182:12
     [1m[94m|[0m
[1m[94m2180[0m [1m[94m|[0m     fn newtype_variant<T>(self) -> Result<T, Self::Error>
     [1m[94m|[0m        [1m[94m---------------[0m [1m[94mrequired by a bound in this associated function[0m
[1m[94m2181[0m [1m[94m|[0m     where
[1m[94m2182[0m [1m[94m|[0m         T: Deserialize<'de>,
     [1m[94m|[0m            [1m[92m^^^^^^^^^^^^^^^^[0m [1m[92mrequired by this bound in `VariantAccess::newtype_variant`[0m
     [1m[94m= [0m[1mnote[0m: the full name for the type has been written to '/home/knitli/thread/target/debug/deps/cocoindex_engine-427e2b95081cef54.long-type-4394111866334369433.txt'
     [1m[94m= [0m[1mnote[0m: consider using `--verbose` to print the full type name to the console

[1m[91merror[E0277][0m[1m: the trait bound `NaiveDateTime: serde::Deserialize<'de>` is not satisfied[0m
    [1m[94m--> [0mvendor/cocoindex/rust/cocoindex/src/base/value.rs:506:19
     [1m[94m|[0m
[1m[94m 506[0m [1m[94m|[0m     LocalDateTime(chrono::NaiveDateTime),
     [1m[94m|[0m                   [1m[91m^^^^^^^^^^^^^^^^^^^^^[0m [1m[91mthe trait `llm::_::_serde::Deserialize<'_>` is not implemented for `NaiveDateTime`[0m
     [1m[94m|[0m
     [1m[94m= [0m[1mnote[0m: for local types consider adding `#[derive(serde::Deserialize)]` to your `NaiveDateTime` type
     [1m[94m= [0m[1mnote[0m: for types from other crates check whether the crate offers a `serde` feature flag
     [1m[94m= [0m[1mhelp[0m: the following other types implement trait `llm::_::_serde::Deserialize<'de>`:
               `&'a JsonRawValue` implements `llm::_::_serde::Deserialize<'de>`
               `&'a [u8]` implements `llm::_::_serde::Deserialize<'de>`
               `&'a ron::value::RawValue` implements `llm::_::_serde::Deserialize<'de>`
               `&'a std::path::Path` implements `llm::_::_serde::Deserialize<'de>`
               `&'a str` implements `llm::_::_serde::Deserialize<'de>`
               `()` implements `llm::_::_serde::Deserialize<'de>`
               `(T,)` implements `llm::_::_serde::Deserialize<'de>`
               `(T0, T1)` implements `llm::_::_serde::Deserialize<'de>`
             and 340 others
[1m[92mnote[0m: required by a bound in `newtype_variant`
    [1m[94m--> [0m/home/knitli/.cargo/registry/src/index.crates.io-1949cf8c6b5b557f/serde_core-1.0.228/src/de/mod.rs:2182:12
     [1m[94m|[0m
[1m[94m2180[0m [1m[94m|[0m     fn newtype_variant<T>(self) -> Result<T, Self::Error>
     [1m[94m|[0m        [1m[94m---------------[0m [1m[94mrequired by a bound in this associated function[0m
[1m[94m2181[0m [1m[94m|[0m     where
[1m[94m2182[0m [1m[94m|[0m         T: Deserialize<'de>,
     [1m[94m|[0m            [1m[92m^^^^^^^^^^^^^^^^[0m [1m[92mrequired by this bound in `VariantAccess::newtype_variant`[0m
     [1m[94m= [0m[1mnote[0m: the full name for the type has been written to '/home/knitli/thread/target/debug/deps/cocoindex_engine-427e2b95081cef54.long-type-4394111866334369433.txt'
     [1m[94m= [0m[1mnote[0m: consider using `--verbose` to print the full type name to the console

[1m[91merror[E0277][0m[1m: the trait bound `DateTime<FixedOffset>: serde::Deserialize<'de>` is not satisfied[0m
    [1m[94m--> [0mvendor/cocoindex/rust/cocoindex/src/base/value.rs:507:20
     [1m[94m|[0m
[1m[94m 507[0m [1m[94m|[0m     OffsetDateTime(chrono::DateTime<chrono::FixedOffset>),
     [1m[94m|[0m                    [1m[91m^^^^^^^^^^^^^^^^^^^^^^^^^^^^^^^^^^^^^[0m [1m[91mthe trait `llm::_::_serde::Deserialize<'_>` is not implemented for `DateTime<FixedOffset>`[0m
     [1m[94m|[0m
     [1m[94m= [0m[1mnote[0m: for local types consider adding `#[derive(serde::Deserialize)]` to your `DateTime<FixedOffset>` type
     [1m[94m= [0m[1mnote[0m: for types from other crates check whether the crate offers a `serde` feature flag
     [1m[94m= [0m[1mhelp[0m: the following other types implement trait `llm::_::_serde::Deserialize<'de>`:
               `&'a JsonRawValue` implements `llm::_::_serde::Deserialize<'de>`
               `&'a [u8]` implements `llm::_::_serde::Deserialize<'de>`
               `&'a ron::value::RawValue` implements `llm::_::_serde::Deserialize<'de>`
               `&'a std::path::Path` implements `llm::_::_serde::Deserialize<'de>`
               `&'a str` implements `llm::_::_serde::Deserialize<'de>`
               `()` implements `llm::_::_serde::Deserialize<'de>`
               `(T,)` implements `llm::_::_serde::Deserialize<'de>`
               `(T0, T1)` implements `llm::_::_serde::Deserialize<'de>`
             and 340 others
[1m[92mnote[0m: required by a bound in `newtype_variant`
    [1m[94m--> [0m/home/knitli/.cargo/registry/src/index.crates.io-1949cf8c6b5b557f/serde_core-1.0.228/src/de/mod.rs:2182:12
     [1m[94m|[0m
[1m[94m2180[0m [1m[94m|[0m     fn newtype_variant<T>(self) -> Result<T, Self::Error>
     [1m[94m|[0m        [1m[94m---------------[0m [1m[94mrequired by a bound in this associated function[0m
[1m[94m2181[0m [1m[94m|[0m     where
[1m[94m2182[0m [1m[94m|[0m         T: Deserialize<'de>,
     [1m[94m|[0m            [1m[92m^^^^^^^^^^^^^^^^[0m [1m[92mrequired by this bound in `VariantAccess::newtype_variant`[0m
     [1m[94m= [0m[1mnote[0m: the full name for the type has been written to '/home/knitli/thread/target/debug/deps/cocoindex_engine-427e2b95081cef54.long-type-4394111866334369433.txt'
     [1m[94m= [0m[1mnote[0m: consider using `--verbose` to print the full type name to the console

[1m[91merror[E0277][0m[1m: the trait bound `TimeDelta: serde::Deserialize<'de>` is not satisfied[0m
    [1m[94m--> [0mvendor/cocoindex/rust/cocoindex/src/base/value.rs:508:15
     [1m[94m|[0m
[1m[94m 508[0m [1m[94m|[0m     TimeDelta(chrono::Duration),
     [1m[94m|[0m               [1m[91m^^^^^^^^^^^^^^^^[0m [1m[91mthe trait `llm::_::_serde::Deserialize<'_>` is not implemented for `TimeDelta`[0m
     [1m[94m|[0m
     [1m[94m= [0m[1mnote[0m: for local types consider adding `#[derive(serde::Deserialize)]` to your `TimeDelta` type
     [1m[94m= [0m[1mnote[0m: for types from other crates check whether the crate offers a `serde` feature flag
     [1m[94m= [0m[1mhelp[0m: the following other types implement trait `llm::_::_serde::Deserialize<'de>`:
               `&'a JsonRawValue` implements `llm::_::_serde::Deserialize<'de>`
               `&'a [u8]` implements `llm::_::_serde::Deserialize<'de>`
               `&'a ron::value::RawValue` implements `llm::_::_serde::Deserialize<'de>`
               `&'a std::path::Path` implements `llm::_::_serde::Deserialize<'de>`
               `&'a str` implements `llm::_::_serde::Deserialize<'de>`
               `()` implements `llm::_::_serde::Deserialize<'de>`
               `(T,)` implements `llm::_::_serde::Deserialize<'de>`
               `(T0, T1)` implements `llm::_::_serde::Deserialize<'de>`
             and 340 others
[1m[92mnote[0m: required by a bound in `newtype_variant`
    [1m[94m--> [0m/home/knitli/.cargo/registry/src/index.crates.io-1949cf8c6b5b557f/serde_core-1.0.228/src/de/mod.rs:2182:12
     [1m[94m|[0m
[1m[94m2180[0m [1m[94m|[0m     fn newtype_variant<T>(self) -> Result<T, Self::Error>
     [1m[94m|[0m        [1m[94m---------------[0m [1m[94mrequired by a bound in this associated function[0m
[1m[94m2181[0m [1m[94m|[0m     where
[1m[94m2182[0m [1m[94m|[0m         T: Deserialize<'de>,
     [1m[94m|[0m            [1m[92m^^^^^^^^^^^^^^^^[0m [1m[92mrequired by this bound in `VariantAccess::newtype_variant`[0m
     [1m[94m= [0m[1mnote[0m: the full name for the type has been written to '/home/knitli/thread/target/debug/deps/cocoindex_engine-427e2b95081cef54.long-type-4394111866334369433.txt'
     [1m[94m= [0m[1mnote[0m: consider using `--verbose` to print the full type name to the console

[1m[91merror[E0277][0m[1m: the trait bound `DateTime<Utc>: serde::Serialize` is not satisfied[0m
    [1m[94m--> [0mvendor/cocoindex/rust/cocoindex/src/execution/indexing_status.rs:48:17
     [1m[94m|[0m
[1m[94m  48[0m [1m[94m|[0m #[derive(Debug, Serialize)]
     [1m[94m|[0m                 [1m[91m^^^^^^^^^[0m [1m[91mthe trait `llm::_::_serde::Serialize` is not implemented for `DateTime<Utc>`[0m
[1m[94m...[0m
[1m[94m  51[0m [1m[94m|[0m     pub processing_time: Option<chrono::DateTime<chrono::Utc>>,
     [1m[94m|[0m     [1m[94m----------------------------------------------------------[0m [1m[94mrequired by a bound introduced by this call[0m
     [1m[94m|[0m
     [1m[94m= [0m[1mnote[0m: for local types consider adding `#[derive(serde::Serialize)]` to your `DateTime<Utc>` type
     [1m[94m= [0m[1mnote[0m: for types from other crates check whether the crate offers a `serde` feature flag
     [1m[94m= [0m[1mhelp[0m: the following other types implement trait `llm::_::_serde::Serialize`:
               &'a T
               &'a mut T
               ()
               (T,)
               (T0, T1)
               (T0, T1, T2)
               (T0, T1, T2, T3)
               (T0, T1, T2, T3, T4)
             and 340 others
     [1m[94m= [0m[1mnote[0m: required for `std::option::Option<DateTime<Utc>>` to implement `llm::_::_serde::Serialize`
[1m[92mnote[0m: required by a bound in `llm::_::_serde::ser::SerializeStruct::serialize_field`
    [1m[94m--> [0m/home/knitli/.cargo/registry/src/index.crates.io-1949cf8c6b5b557f/serde_core-1.0.228/src/ser/mod.rs:1917:21
     [1m[94m|[0m
[1m[94m1915[0m [1m[94m|[0m     fn serialize_field<T>(&mut self, key: &'static str, value: &T) -> Result<(), Self:[1m[94m...[0m
     [1m[94m|[0m        [1m[94m---------------[0m [1m[94mrequired by a bound in this associated function[0m
[1m[94m1916[0m [1m[94m|[0m     where
[1m[94m1917[0m [1m[94m|[0m         T: ?Sized + Serialize;
     [1m[94m|[0m                     [1m[92m^^^^^^^^^[0m [1m[92mrequired by this bound in `SerializeStruct::serialize_field`[0m
     [1m[94m= [0m[1mnote[0m: the full name for the type has been written to '/home/knitli/thread/target/debug/deps/cocoindex_engine-427e2b95081cef54.long-type-6070335384088268386.txt'
     [1m[94m= [0m[1mnote[0m: consider using `--verbose` to print the full type name to the console
     [1m[94m= [0m[1mnote[0m: this error originates in the derive macro `Serialize` (in Nightly builds, run with -Z macro-backtrace for more info)

[1m[33mwarning[0m[1m: unused variable: `reqwest_client`[0m
  [1m[94m--> [0mvendor/cocoindex/rust/cocoindex/src/ops/registration.rs:10:9
   [1m[94m|[0m
[1m[94m10[0m [1m[94m|[0m     let reqwest_client = reqwest::Client::new();
   [1m[94m|[0m         [1m[33m^^^^^^^^^^^^^^[0m [1m[33mhelp: if this is intentional, prefix it with an underscore: `_reqwest_client`[0m
   [1m[94m|[0m
   [1m[94m= [0m[1mnote[0m: `#[warn(unused_variables)]` (part of `#[warn(unused)]`) on by default

[1mSome errors have detailed explanations: E0277, E0433.[0m
[1mFor more information about an error, try `rustc --explain E0277`.[0m
[1m[33mwarning[0m: `cocoindex` (lib) generated 1 warning
[1m[91merror[0m: could not compile `cocoindex` (lib) due to 13 previous errors; 1 warning emitted
